<?xml version="1.0" encoding="UTF-8"?>
<robot generator="Robot 5.0.1 (Python 3.8.9 on darwin)" generated="20221121 22:59:48.898" rpa="false" schemaversion="3">
<suite id="s1" name="searchWarranty" source="/Users/cho/Downloads/2022_automation_demo/Web_DEMO/test_case/searchWarranty.robot">
<kw name="Open &quot;safari&quot; browser" library="searchWarrantyKeyword" type="SETUP" sourcename="Open &quot;${browserName}&quot; browser">
<kw name="Open Browser" library="Selenium2Library">
<arg>${url}</arg>
<arg>${browserName}</arg>
<doc>Opens a new browser instance to the optional ``url``.</doc>
<msg timestamp="20221121 22:59:49.466" level="INFO">Opening browser 'safari' to base url 'https://warrant.kgi.com/EDWebSite/Views/WarrantSearch/WarrantSearch.aspx'.</msg>
<status status="PASS" starttime="20221121 22:59:49.466" endtime="20221121 22:59:51.806"/>
</kw>
<kw name="Maximize Browser Window" library="Selenium2Library">
<doc>Maximizes current browser window.</doc>
<status status="PASS" starttime="20221121 22:59:51.807" endtime="20221121 22:59:51.844"/>
</kw>
<kw name="Set Selenium Speed" library="Selenium2Library">
<arg>0.2 seconds</arg>
<doc>Sets the delay that is waited after each Selenium command.</doc>
<status status="PASS" starttime="20221121 22:59:51.845" endtime="20221121 22:59:51.846"/>
</kw>
<status status="PASS" starttime="20221121 22:59:49.465" endtime="20221121 22:59:51.846"/>
</kw>
<test id="s1-t1" name="search warranty 元大/2330/認售/60日/價內5%/價外5%" line="15">
<kw name="search stock warranty">
<arg>元大</arg>
<arg>2330</arg>
<arg>認售</arg>
<arg>60日</arg>
<arg>價內5%</arg>
<arg>價外5%</arg>
<kw name="select broker name" library="searchWarrantyKeyword">
<arg>${brokerName}</arg>
<kw name="Wait Until Element Is Visible" library="Selenium2Library">
<arg>//span[@aria-owns='ddlIssuer_listbox']/..//span[@class='k-select']</arg>
<arg>${timeOutSeconds}</arg>
<doc>Waits until the element ``locator`` is visible.</doc>
<status status="PASS" starttime="20221121 22:59:51.851" endtime="20221121 22:59:52.307"/>
</kw>
<kw name="Click Element" library="Selenium2Library">
<arg>//span[@aria-owns='ddlIssuer_listbox']/..//span[@class='k-select']</arg>
<doc>Click the element identified by ``locator``.</doc>
<msg timestamp="20221121 22:59:52.308" level="INFO">Clicking element '//span[@aria-owns='ddlIssuer_listbox']/..//span[@class='k-select']'.</msg>
<status status="PASS" starttime="20221121 22:59:52.308" endtime="20221121 22:59:52.890"/>
</kw>
<kw name="Wait Until Page Contains Element" library="Selenium2Library">
<arg>//ul[@id='ddlIssuer_listbox']/..//li[contains(text(),'${brokerName}')]</arg>
<arg>${timeOutSeconds}</arg>
<doc>Waits until the element ``locator`` appears on the current page.</doc>
<status status="PASS" starttime="20221121 22:59:52.890" endtime="20221121 22:59:53.097"/>
</kw>
<kw name="Click Element" library="Selenium2Library">
<arg>//ul[@id='ddlIssuer_listbox']/..//li[contains(text(),'${brokerName}')]</arg>
<doc>Click the element identified by ``locator``.</doc>
<msg timestamp="20221121 22:59:53.098" level="INFO">Clicking element '//ul[@id='ddlIssuer_listbox']/..//li[contains(text(),'元大')]'.</msg>
<status status="PASS" starttime="20221121 22:59:53.098" endtime="20221121 22:59:53.532"/>
</kw>
<status status="PASS" starttime="20221121 22:59:51.851" endtime="20221121 22:59:53.532"/>
</kw>
<kw name="enter stock id" library="searchWarrantyKeyword">
<arg>${stockID}</arg>
<kw name="Click Element" library="Selenium2Library">
<arg>//input[@name='ctlUnderlying_input']/../span[@class='k-select']</arg>
<doc>Click the element identified by ``locator``.</doc>
<msg timestamp="20221121 22:59:53.534" level="INFO">Clicking element '//input[@name='ctlUnderlying_input']/../span[@class='k-select']'.</msg>
<status status="PASS" starttime="20221121 22:59:53.533" endtime="20221121 22:59:54.126"/>
</kw>
<kw name="Wait Until Page Contains Element" library="Selenium2Library">
<arg>//ul[@id='cmbUnderlying_listbox']/li[contains(text(),'${stockID}')]</arg>
<arg>${timeOutSeconds}</arg>
<doc>Waits until the element ``locator`` appears on the current page.</doc>
<status status="PASS" starttime="20221121 22:59:54.126" endtime="20221121 22:59:54.336"/>
</kw>
<kw name="Click Element" library="Selenium2Library">
<arg>//ul[@id='cmbUnderlying_listbox']/li[contains(text(),'${stockID}')]</arg>
<doc>Click the element identified by ``locator``.</doc>
<msg timestamp="20221121 22:59:54.337" level="INFO">Clicking element '//ul[@id='cmbUnderlying_listbox']/li[contains(text(),'2330')]'.</msg>
<status status="PASS" starttime="20221121 22:59:54.337" endtime="20221121 22:59:54.764"/>
</kw>
<status status="PASS" starttime="20221121 22:59:53.533" endtime="20221121 22:59:54.764"/>
</kw>
<kw name="select warranty type" library="searchWarrantyKeyword">
<arg>${warrantyType}</arg>
<kw name="Click Element" library="Selenium2Library">
<arg>//span[@aria-owns='ddlCP_listbox']</arg>
<doc>Click the element identified by ``locator``.</doc>
<msg timestamp="20221121 22:59:54.765" level="INFO">Clicking element '//span[@aria-owns='ddlCP_listbox']'.</msg>
<status status="PASS" starttime="20221121 22:59:54.764" endtime="20221121 22:59:55.216"/>
</kw>
<kw name="Wait Until Element Is Visible" library="Selenium2Library">
<arg>//ul[@id='ddlCP_listbox']/li[contains(text(),'${warrantyType}')]</arg>
<arg>${timeOutSeconds}</arg>
<doc>Waits until the element ``locator`` is visible.</doc>
<status status="PASS" starttime="20221121 22:59:55.216" endtime="20221121 22:59:55.633"/>
</kw>
<kw name="Click Element" library="Selenium2Library">
<arg>//ul[@id='ddlCP_listbox']/li[contains(text(),'${warrantyType}')]</arg>
<doc>Click the element identified by ``locator``.</doc>
<msg timestamp="20221121 22:59:55.633" level="INFO">Clicking element '//ul[@id='ddlCP_listbox']/li[contains(text(),'認售')]'.</msg>
<status status="PASS" starttime="20221121 22:59:55.633" endtime="20221121 22:59:56.063"/>
</kw>
<status status="PASS" starttime="20221121 22:59:54.764" endtime="20221121 22:59:56.063"/>
</kw>
<kw name="enter how many days left" library="searchWarrantyKeyword">
<arg>${numOfDays}</arg>
<kw name="Click Element" library="Selenium2Library">
<arg>//span[@aria-owns='numLastDaysFrom_listbox']</arg>
<doc>Click the element identified by ``locator``.</doc>
<msg timestamp="20221121 22:59:56.064" level="INFO">Clicking element '//span[@aria-owns='numLastDaysFrom_listbox']'.</msg>
<status status="PASS" starttime="20221121 22:59:56.064" endtime="20221121 22:59:56.521"/>
</kw>
<kw name="Wait Until Element Is Visible" library="Selenium2Library">
<arg>//ul[@id='numLastDaysFrom_listbox']/li[contains(text(),'${numOfDays}')]</arg>
<arg>${timeOutSeconds}</arg>
<doc>Waits until the element ``locator`` is visible.</doc>
<status status="PASS" starttime="20221121 22:59:56.522" endtime="20221121 22:59:56.941"/>
</kw>
<kw name="Click Element" library="Selenium2Library">
<arg>//ul[@id='numLastDaysFrom_listbox']/li[contains(text(),'${numOfDays}')]</arg>
<doc>Click the element identified by ``locator``.</doc>
<msg timestamp="20221121 22:59:56.942" level="INFO">Clicking element '//ul[@id='numLastDaysFrom_listbox']/li[contains(text(),'60日')]'.</msg>
<status status="PASS" starttime="20221121 22:59:56.942" endtime="20221121 22:59:57.373"/>
</kw>
<status status="PASS" starttime="20221121 22:59:56.063" endtime="20221121 22:59:57.373"/>
</kw>
<kw name="set stock price interval" library="searchWarrantyKeyword">
<arg>${inPercentage}</arg>
<arg>${outPercentage}</arg>
<kw name="Click Element" library="Selenium2Library">
<arg>//span[@aria-owns='ddlInOutPercentFrom_listbox']</arg>
<doc>Click the element identified by ``locator``.</doc>
<msg timestamp="20221121 22:59:57.374" level="INFO">Clicking element '//span[@aria-owns='ddlInOutPercentFrom_listbox']'.</msg>
<status status="PASS" starttime="20221121 22:59:57.374" endtime="20221121 22:59:57.828"/>
</kw>
<kw name="Wait Until Element Is Visible" library="Selenium2Library">
<arg>//ul[@id='ddlInOutPercentFrom_listbox']/li[contains(text(),'${inPercentage}')]</arg>
<arg>${timeOutSeconds}</arg>
<doc>Waits until the element ``locator`` is visible.</doc>
<status status="PASS" starttime="20221121 22:59:57.828" endtime="20221121 22:59:58.248"/>
</kw>
<kw name="Click Element" library="Selenium2Library">
<arg>//ul[@id='ddlInOutPercentFrom_listbox']/li[contains(text(),'${inPercentage}')]</arg>
<doc>Click the element identified by ``locator``.</doc>
<msg timestamp="20221121 22:59:58.249" level="INFO">Clicking element '//ul[@id='ddlInOutPercentFrom_listbox']/li[contains(text(),'價內5%')]'.</msg>
<status status="PASS" starttime="20221121 22:59:58.248" endtime="20221121 22:59:58.682"/>
</kw>
<kw name="Click Element" library="Selenium2Library">
<arg>//span[@aria-owns='ddlInOutPercentTo_listbox']</arg>
<doc>Click the element identified by ``locator``.</doc>
<msg timestamp="20221121 22:59:58.683" level="INFO">Clicking element '//span[@aria-owns='ddlInOutPercentTo_listbox']'.</msg>
<status status="PASS" starttime="20221121 22:59:58.683" endtime="20221121 22:59:59.138"/>
</kw>
<kw name="Wait Until Element Is Visible" library="Selenium2Library">
<arg>//ul[@id='ddlInOutPercentTo_listbox']/li[contains(text(),'${outPercentage}')]</arg>
<arg>${timeOutSeconds}</arg>
<doc>Waits until the element ``locator`` is visible.</doc>
<status status="PASS" starttime="20221121 22:59:59.138" endtime="20221121 22:59:59.562"/>
</kw>
<kw name="Click Element" library="Selenium2Library">
<arg>//ul[@id='ddlInOutPercentTo_listbox']/li[contains(text(),'${outPercentage}')]</arg>
<doc>Click the element identified by ``locator``.</doc>
<msg timestamp="20221121 22:59:59.563" level="INFO">Clicking element '//ul[@id='ddlInOutPercentTo_listbox']/li[contains(text(),'價外5%')]'.</msg>
<status status="PASS" starttime="20221121 22:59:59.563" endtime="20221121 22:59:59.992"/>
</kw>
<status status="PASS" starttime="20221121 22:59:57.373" endtime="20221121 22:59:59.992"/>
</kw>
<kw name="click search button" library="searchWarrantyKeyword">
<kw name="Click Element" library="Selenium2Library">
<arg>//input[@id='btnQuery']</arg>
<doc>Click the element identified by ``locator``.</doc>
<msg timestamp="20221121 22:59:59.993" level="INFO">Clicking element '//input[@id='btnQuery']'.</msg>
<status status="PASS" starttime="20221121 22:59:59.993" endtime="20221121 23:00:00.435"/>
</kw>
<status status="PASS" starttime="20221121 22:59:59.992" endtime="20221121 23:00:00.435"/>
</kw>
<kw name="should display warranty search result" library="searchWarrantyKeyword">
<kw name="Wait Until Page Contains Element" library="Selenium2Library">
<arg>//td[contains(text(),'成交價')]/../..//label[@id='undDeal']</arg>
<arg>${timeOutSeconds}</arg>
<doc>Waits until the element ``locator`` appears on the current page.</doc>
<status status="PASS" starttime="20221121 23:00:00.436" endtime="20221121 23:00:00.665"/>
</kw>
<kw name="Wait Until Page Contains Element" library="Selenium2Library">
<arg>//td[contains(text(),'成交量')]/../..//label[@id='undVolume']</arg>
<arg>${timeOutSeconds}</arg>
<doc>Waits until the element ``locator`` appears on the current page.</doc>
<status status="PASS" starttime="20221121 23:00:00.666" endtime="20221121 23:00:00.876"/>
</kw>
<kw name="Wait Until Page Contains Element" library="Selenium2Library">
<arg>//td[contains(text(),'漲跌幅')]/../..//label[@id='undChangePercent']</arg>
<arg>${timeOutSeconds}</arg>
<doc>Waits until the element ``locator`` appears on the current page.</doc>
<status status="PASS" starttime="20221121 23:00:00.876" endtime="20221121 23:00:01.086"/>
</kw>
<status status="PASS" starttime="20221121 23:00:00.435" endtime="20221121 23:00:01.087"/>
</kw>
<status status="PASS" starttime="20221121 22:59:51.851" endtime="20221121 23:00:01.087"/>
</kw>
<tag>P1</tag>
<status status="PASS" starttime="20221121 22:59:51.847" endtime="20221121 23:00:01.087"/>
</test>
<kw name="Close Browser" library="Selenium2Library" type="TEARDOWN">
<doc>Closes the current browser.</doc>
<status status="PASS" starttime="20221121 23:00:01.088" endtime="20221121 23:00:01.632"/>
</kw>
<status status="PASS" starttime="20221121 22:59:48.900" endtime="20221121 23:00:01.632"/>
</suite>
<statistics>
<total>
<stat pass="1" fail="0" skip="0">All Tests</stat>
</total>
<tag>
<stat pass="1" fail="0" skip="0">P1</stat>
</tag>
<suite>
<stat pass="1" fail="0" skip="0" id="s1" name="searchWarranty">searchWarranty</stat>
</suite>
</statistics>
<errors>
</errors>
</robot>
